11:45:21.850 Register a shutdown hook
11:57:26.563 Register shutdown hook
11:57:26.563 Timer start
11:57:26.563 DBService start
11:57:26.563 Dispatcher start
11:57:26.626 Socket listen start
14:35:39.903 Register shutdown hook
14:35:39.903 Timer start
14:35:39.903 DBService start
14:35:39.903 Dispatcher start
14:35:39.965 Socket listen start
14:35:56.942 Register shutdown hook
14:35:56.942 Timer start
14:35:56.942 DBService start
14:35:56.942 Dispatcher start
14:35:57.005 Socket listen start
14:40:46.207 Register shutdown hook
14:40:46.207 Timer start
14:40:46.207 DBService start
14:40:46.270 Socket listen start
