11:12:13.937 Register shutdown hook
11:13:09.679 Register shutdown hook
11:14:00.944 Register shutdown hook
11:14:30.013 Register shutdown hook
11:14:51.594 Register shutdown hook
11:14:54.432 RPC server stop
11:14:54.641 收到结束指令，现在开始执行队列剩余任务，当前剩余任务数 0
11:14:54.641 执行队列剩余任务完毕
11:16:00.757 Register shutdown hook
11:16:00.772 RPC server stop
11:16:01.773 收到结束指令，现在开始执行队列剩余任务，当前剩余任务数 0
11:16:01.778 执行队列剩余任务完毕
11:16:40.251 Register shutdown hook
11:16:58.492 Register shutdown hook
11:16:58.508 RPC server stop
11:16:59.508 收到结束指令，现在开始执行队列剩余任务，当前剩余任务数 0
11:16:59.515 执行队列剩余任务完毕
11:17:34.861 Register shutdown hook
11:17:34.918 RPC server stop
11:17:35.887 收到结束指令，现在开始执行队列剩余任务，当前剩余任务数 0
11:17:35.894 执行队列剩余任务完毕
11:18:17.236 Register shutdown hook
11:18:45.988 Register shutdown hook
11:18:46.004 RPC server stop
11:18:47.004 收到结束指令，现在开始执行队列剩余任务，当前剩余任务数 0
11:18:47.010 执行队列剩余任务完毕
11:18:48.229 RPC server stop
11:19:47.187 Register shutdown hook
11:20:12.748 Register shutdown hook
11:20:24.790 Register shutdown hook
11:20:35.274 Register shutdown hook
11:21:46.921 Register shutdown hook
11:27:25.900 Register shutdown hook
11:27:25.915 RPC server start listen on port 9001
11:27:25.994 Load handler from package example
11:36:36.357 Register shutdown hook
11:36:36.357 DBService start
11:36:36.357 RPC server start listen on port 9001
11:36:36.435 Load handler from package example
11:36:36.451 RPC server stop
11:36:39.435 收到结束指令，现在开始执行队列剩余任务，当前剩余任务数 0
11:36:39.441 执行队列剩余任务完毕
11:36:39.442 RPC server stop
11:36:51.373 Register shutdown hook
11:36:51.389 DBService start
11:36:51.389 RPC server start listen on port 9001
11:36:51.467 Load handler from package example
11:36:51.467 RPC server stop
11:36:51.467 收到结束指令，现在开始执行队列剩余任务，当前剩余任务数 0
11:36:51.467 执行队列剩余任务完毕
11:38:49.089 Register shutdown hook
11:38:49.089 DBService start
11:38:49.089 RPC server start listen on port 9001
11:38:49.167 Load handler from package example
11:38:49.167 NettyServer start
11:38:49.183 NettyServer stop
11:38:49.183 RPC server stop
11:38:49.183 收到结束指令，现在开始执行队列剩余任务，当前剩余任务数 0
11:38:49.183 执行队列剩余任务完毕
11:39:18.454 Register shutdown hook
11:39:18.454 DBService start
11:39:18.454 RPC server start listen on port 9001
11:39:18.547 Load handler from package example
11:39:18.547 NettyServer start listen on port 9000
11:39:18.547 NettyServer stop
11:39:18.547 RPC server stop
11:39:18.547 收到结束指令，现在开始执行队列剩余任务，当前剩余任务数 0
11:39:18.563 执行队列剩余任务完毕
11:41:14.127 Register shutdown hook
11:41:14.127 DBService start
11:41:14.127 RPC server start listen on port 9001
11:41:14.205 Load handler from package example
11:41:14.205 DispatcherHandler start
11:41:14.205 NettyServer start listen on port 9000
11:41:14.221 DispatcherHandler stop
11:41:14.221 NettyServer stop
11:41:14.221 RPC server stop
11:41:14.221 收到结束指令，现在开始执行队列剩余任务，当前剩余任务数 0
11:41:14.221 执行队列剩余任务完毕
11:41:14.221 DBService stop
11:43:12.364 Register shutdown hook
11:43:12.364 DBService start
11:43:12.379 RPC server start listen on port 9001
11:43:12.458 Load handler from package example
11:43:12.458 DispatcherHandler start
11:43:12.458 NettyServer start listen on port 9000
11:43:12.458 DispatcherHandler stop
11:43:12.458 NettyServer stop
11:43:12.458 RPC server stop
11:43:12.458 Receive stop command, remain task count 0
11:43:12.458 Finish all remaining task
11:43:12.458 DBService stop
11:44:16.970 Register shutdown hook
11:44:16.970 DBService start
11:44:16.970 RPC server start listen on port 9001
11:44:17.048 Load handler from package example
11:44:17.048 DispatcherHandler start
11:44:17.048 NettyServer start listen on port 9000
11:44:17.064 DispatcherHandler stop
11:44:17.064 NettyServer stop
11:44:17.064 RPC server stop
11:44:17.064 Receive stop command, remaining task count 0
11:44:17.064 Finish all remaining task
11:44:17.064 DBService stop
11:44:32.421 Register shutdown hook
11:44:32.421 DBService start
11:44:32.421 RPC server start listen on port 9001
11:44:32.499 Load handler from package example
11:44:32.499 DispatcherHandler start
11:44:32.499 NettyServer start listen on port 9000
11:44:32.515 DispatcherHandler stop
11:44:32.515 NettyServer stop
11:44:32.515 RPC server stop
11:44:32.515 Receive stop command, remaining task count 0
11:44:32.515 Finish all remaining task
11:44:32.515 DBService stop
11:46:14.815 Register shutdown hook
11:46:14.815 DBService start
11:46:14.831 RPC server start listen on port 9001
11:46:14.909 Load handler from package example
11:46:14.909 DispatcherHandler start
11:46:14.909 NettyServer start listen on port 9000
11:46:14.909 DispatcherHandler stop
11:46:14.909 NettyServer stop
11:46:14.909 RPC server stop
11:46:14.925 Receive stop command, remaining task count 0
11:46:14.925 Finish all remaining task
11:46:14.925 DBService stop
11:47:27.479 Register shutdown hook
11:47:27.479 DBService start
11:47:27.479 RPC server start listen on port 9001
11:47:27.557 Load handler from package example
11:47:27.557 DispatcherHandler start
11:47:27.557 NettyServer start listen on port 9000
11:47:27.573 DispatcherHandler stop
11:47:27.573 NettyServer stop
11:47:27.573 RPC server stop
11:47:27.573 Receive stop command, remaining task count 0
11:47:27.573 Finish all remaining task
11:47:27.573 DBService stop
11:47:40.957 Register shutdown hook
11:47:40.957 DBService start
11:47:40.972 RPC server start listen on port 9001
11:47:41.051 Load handler from package example
11:47:41.051 DispatcherHandler start
11:47:41.051 NettyServer start listen on port 9000
11:47:41.665 DispatcherHandler stop
11:47:41.669 NettyServer stop
11:47:41.670 RPC server stop
11:47:41.671 Receive stop command, remaining task count 0
11:47:41.671 Finish all remaining task
11:47:41.671 DBService stop
11:53:51.890 Register shutdown hook
11:53:51.905 DBService start
11:53:51.905 RPC server start listen on port 9001
11:53:51.983 Load handler from package example
11:53:51.983 DispatcherHandler start
11:53:51.983 NettyServer start listen on port 9000
11:53:51.999 DispatcherHandler stop
11:53:51.999 NettyServer stop
11:53:51.999 RPC server stop
11:53:51.999 Receive stop command, remaining task count 0
11:53:51.999 Finish all remaining task
11:53:51.999 DBService stop
11:59:02.029 Register shutdown hook
11:59:02.029 DBService start
11:59:02.029 RPC server start listen on port 9001
11:59:02.108 Load handler from package example
11:59:02.108 DispatcherHandler start
11:59:02.108 NettyServer start listen on port 9000
11:59:02.123 DispatcherHandler stop
11:59:02.123 NettyServer stop
11:59:02.123 RPC server stop
11:59:02.123 Receive stop command, remaining task count 0
11:59:02.123 Finish all remaining task
11:59:02.123 DBService stop
12:00:02.000 Register shutdown hook
12:00:02.000 DBService start
12:00:02.000 RPC server start listen on port 9001
12:00:02.079 Load handler from package example
12:00:02.079 DispatcherHandler start
12:00:02.079 NettyServer start listen on port 9000
12:00:02.094 DispatcherHandler stop
12:00:02.094 NettyServer stop
12:00:02.094 RPC server stop
12:00:02.094 Receive stop command, remaining task count 0
12:00:02.094 Finish all remaining task
12:00:02.094 DBService stop
12:00:27.453 Register shutdown hook
12:00:27.453 DBService start
12:00:27.453 RPC server start listen on port 9001
12:00:27.546 Load handler from package example
12:00:27.546 DispatcherHandler start
12:00:27.546 NettyServer start listen on port 9000
12:00:27.546 DispatcherHandler stop
12:00:27.546 NettyServer stop
12:00:27.546 RPC server stop
12:00:27.546 Receive stop command, remaining task count 0
12:00:27.546 Finish all remaining task
12:00:27.546 DBService stop
12:00:44.165 Register shutdown hook
12:00:44.165 DBService start
12:00:44.181 RPC server start listen on port 9001
12:00:44.259 Load handler from package example
12:00:44.259 DispatcherHandler start
12:00:44.259 NettyServer start listen on port 9000
12:00:45.556 DispatcherHandler stop
12:00:45.559 NettyServer stop
12:00:45.560 RPC server stop
12:00:45.562 Receive stop command, remaining task count 0
12:00:45.562 Finish all remaining task
12:00:45.562 DBService stop
12:03:54.890 Register shutdown hook
12:03:54.906 DBService start
12:03:54.906 RPC server start listen on port 9001
12:03:54.984 Load handler from package example
12:03:54.984 DispatcherHandler start
12:03:54.984 NettyServer start listen on port 9000
12:03:54.984 DispatcherHandler stop
12:03:54.984 NettyServer stop
12:03:54.984 RPC server stop
12:03:54.984 Receive stop command, remaining task count 0
12:03:54.984 Finish all remaining task
12:03:54.999 DBService stop
12:05:50.197 Register shutdown hook
12:05:50.197 DBService start
12:05:50.213 RPC server start listen on port 9001
12:05:50.291 Load handler from package example
12:05:50.291 DispatcherHandler start
12:05:50.291 NettyServer start listen on port 9000
12:05:53.134 DispatcherHandler stop
12:05:53.141 NettyServer stop
12:05:53.142 RPC server stop
12:05:53.143 Receive stop command, remaining task count 0
12:05:53.143 Finish all remaining task
12:05:53.143 DBService stop
12:07:24.830 Register shutdown hook
12:07:24.830 DBService start
12:07:24.846 RPC server start listen on port 9001
12:07:24.924 Load handler from package example
12:07:24.924 DispatcherHandler start
12:07:24.924 NettyServer start listen on port 9000
12:07:26.799 DispatcherHandler stop
12:07:26.803 NettyServer stop
12:07:26.805 RPC server stop
12:07:26.805 Receive stop command, remaining task count 0
12:07:26.805 Finish all remaining task
12:07:26.805 DBService stop
12:14:07.756 Register shutdown hook
12:14:07.756 DBService start
12:14:07.772 RPC server start listen on port 9001
12:14:07.850 Load handler from package example
12:14:07.850 DispatcherHandler start
12:14:07.850 NettyServer start listen on port 9000
12:14:29.681 Register shutdown hook
12:14:29.681 DBService start
12:14:29.681 RPC server start listen on port 9001
12:14:29.759 Load handler from package example
12:14:29.759 DispatcherHandler start
12:14:29.759 NettyServer start listen on port 9000
12:14:43.729 Register shutdown hook
12:14:43.729 DBService start
12:14:43.745 RPC server start listen on port 9001
12:14:43.807 Load handler from package example
12:14:43.807 DispatcherHandler start
12:14:43.807 NettyServer start listen on port 9000
12:14:45.932 DispatcherHandler stop
12:14:45.935 NettyServer stop
12:14:45.935 RPC server stop
12:14:45.936 Receive stop command, remaining task count 0
12:14:45.937 Finish all remaining task
12:14:45.937 DBService stop
12:36:29.145 Register shutdown hook
12:36:29.145 DBService start
12:36:29.145 RPC server start listen on port 9001
12:36:29.223 Load handler from package example
12:36:29.223 DispatcherHandler start
12:36:29.223 NettyServer start listen on port 9000
12:36:46.980 Register shutdown hook
12:36:46.980 DBService start
12:36:46.980 RPC server start listen on port 9001
12:36:47.058 Load handler from package example
12:36:47.058 DispatcherHandler start
12:36:47.058 NettyServer start listen on port 9000
12:36:47.074 DispatcherHandler stop
12:36:47.074 NettyServer stop
12:36:47.761 RPC server stop
12:36:47.761 Receive stop command, remaining task count 0
12:36:47.761 Finish all remaining task
12:36:47.761 DBService stop
12:36:57.386 Register shutdown hook
12:36:57.386 DBService start
12:36:57.386 RPC server start listen on port 9001
12:36:57.480 Load handler from package example
12:36:57.480 DispatcherHandler start
12:36:57.480 NettyServer start listen on port 9000
12:36:57.933 DispatcherHandler stop
12:36:57.947 NettyServer stop
12:36:57.948 RPC server stop
12:36:57.949 Receive stop command, remaining task count 0
12:36:57.949 Finish all remaining task
12:36:57.949 DBService stop
12:38:32.355 Register shutdown hook
12:38:32.355 DBService start
12:38:32.371 RPC server start listen on port 9001
12:38:32.449 Load handler from package example
12:38:32.449 DispatcherHandler start
12:38:32.449 NettyServer start listen on port 9000
13:30:28.387 Register shutdown hook
13:30:28.387 DBService start
13:30:28.387 RPC server start listen on port 9001
13:30:28.465 Load handler from package example
13:30:28.465 DispatcherHandler start
13:30:28.465 NettyServer start listen on port 9000
13:30:45.930 Register shutdown hook
13:30:45.946 DBService start
13:30:45.946 RPC server start listen on port 9001
13:30:46.024 Load handler from package example
13:30:46.024 DispatcherHandler start
13:30:46.024 NettyServer start listen on port 9000
13:30:46.040 DispatcherHandler stop
13:30:46.040 NettyServer stop
13:30:46.040 RPC server stop
13:30:46.040 Receive stop command, remaining task count 0
13:30:46.040 Finish all remaining task
13:30:46.040 DBService stop
14:11:23.546 Register shutdown hook
14:11:23.550 DBService start
14:11:23.557 RPC server start listen on port 9001
14:11:23.632 Load handler from package example
14:11:23.633 DispatcherHandler start
14:11:23.633 NettyServer start listen on port 9000
17:26:44.441 Register shutdown hook
17:26:44.441 DBService start
17:26:44.441 RPC server start listen on port 9001
17:26:44.519 Load handler from package example
17:26:44.519 DispatcherHandler start
17:26:44.519 NettyServer start listen on port 9000
17:29:51.125 Register shutdown hook
17:29:51.125 DBService start
17:29:51.187 Load handler from package example
17:29:51.203 DispatcherHandler start
17:29:51.203 NettyServer start listen on port 9000
18:13:06.277 Register shutdown hook
18:13:06.277 DBService start
18:13:06.340 Load handler from package example
18:13:06.355 DispatcherHandler start
18:13:06.355 NettyServer start listen on port 9000
